<?xml version="1.0" encoding="UTF-8"?>
<testng-results skipped="0" failed="4" ignored="0" total="13" passed="9">
  <reporter-output>
    <line>
      <![CDATA[pass:Element is displayed]]>
    </line>
    <line>
      <![CDATA[pass:Element is displayed]]>
    </line>
    <line>
      <![CDATA[pass:Element is displayed]]>
    </line>
    <line>
      <![CDATA[pass:Element is displayed]]>
    </line>
    <line>
      <![CDATA[pass:Element is displayed]]>
    </line>
    <line>
      <![CDATA[pass:Element is displayed]]>
    </line>
    <line>
      <![CDATA[pass:Element is displayed]]>
    </line>
    <line>
      <![CDATA[pass:Element is displayed]]>
    </line>
    <line>
      <![CDATA[pass:Element is displayed]]>
    </line>
    <line>
      <![CDATA[pass:Element is displayed]]>
    </line>
    <line>
      <![CDATA[pass:Element is displayed]]>
    </line>
    <line>
      <![CDATA[pass:Element is displayed]]>
    </line>
    <line>
      <![CDATA[pass:Element is displayed]]>
    </line>
    <line>
      <![CDATA[pass:Element is displayed]]>
    </line>
    <line>
      <![CDATA[pass:Element is displayed]]>
    </line>
    <line>
      <![CDATA[pass:Element is displayed]]>
    </line>
    <line>
      <![CDATA[pass:Element is displayed]]>
    </line>
    <line>
      <![CDATA[pass:Element is displayed]]>
    </line>
    <line>
      <![CDATA[pass:Element is displayed]]>
    </line>
    <line>
      <![CDATA[pass:Element is displayed]]>
    </line>
    <line>
      <![CDATA[pass:Element is displayed]]>
    </line>
    <line>
      <![CDATA[pass:Element is displayed]]>
    </line>
    <line>
      <![CDATA[pass:Element is displayed]]>
    </line>
    <line>
      <![CDATA[pass:Element is displayed]]>
    </line>
    <line>
      <![CDATA[pass:Element is displayed]]>
    </line>
    <line>
      <![CDATA[pass:Element is displayed]]>
    </line>
    <line>
      <![CDATA[pass:Element is displayed]]>
    </line>
    <line>
      <![CDATA[pass:Element is displayed]]>
    </line>
    <line>
      <![CDATA[pass:Element is displayed]]>
    </line>
    <line>
      <![CDATA[pass:Element is displayed]]>
    </line>
    <line>
      <![CDATA[pass:Element is displayed]]>
    </line>
  </reporter-output>
  <suite name="Default suite" duration-ms="636389" started-at="2018-06-26T05:50:22Z" finished-at="2018-06-26T06:00:58Z">
    <groups>
    </groups>
    <test name="Default test" duration-ms="636389" started-at="2018-06-26T05:50:22Z" finished-at="2018-06-26T06:00:58Z">
      <class name="Script.Testcase4$Testcase1">
        <test-method status="PASS" signature="openapp()[pri:0, instance:Script.Testcase4$Testcase1@4b9e13df]" name="openapp" is-config="true" duration-ms="18848" started-at="2018-06-26T11:21:08Z" finished-at="2018-06-26T11:21:27Z">
          <reporter-output>
          </reporter-output>
        </test-method> <!-- openapp -->
        <test-method status="PASS" signature="test1()[pri:0, instance:Script.Testcase4$Testcase1@4b9e13df]" name="test1" duration-ms="32705" started-at="2018-06-26T11:21:27Z" finished-at="2018-06-26T11:22:00Z">
          <reporter-output>
            <line>
              <![CDATA[pass:Element is displayed]]>
            </line>
            <line>
              <![CDATA[pass:Element is displayed]]>
            </line>
            <line>
              <![CDATA[pass:Element is displayed]]>
            </line>
            <line>
              <![CDATA[pass:Element is displayed]]>
            </line>
            <line>
              <![CDATA[pass:Element is displayed]]>
            </line>
          </reporter-output>
        </test-method> <!-- test1 -->
        <test-method status="PASS" signature="closeapp()[pri:0, instance:Script.Testcase4$Testcase1@4b9e13df]" name="closeapp" is-config="true" duration-ms="9203" started-at="2018-06-26T11:22:00Z" finished-at="2018-06-26T11:22:09Z">
          <reporter-output>
          </reporter-output>
        </test-method> <!-- closeapp -->
      </class> <!-- Script.Testcase4$Testcase1 -->
      <class name="Script.Testcase5">
        <test-method status="PASS" signature="openapp()[pri:0, instance:Script.Testcase5@6767c1fc]" name="openapp" is-config="true" duration-ms="22075" started-at="2018-06-26T11:20:22Z" finished-at="2018-06-26T11:20:44Z">
          <reporter-output>
          </reporter-output>
        </test-method> <!-- openapp -->
        <test-method status="PASS" signature="test5()[pri:0, instance:Script.Testcase5@6767c1fc]" name="test5" duration-ms="12502" started-at="2018-06-26T11:20:44Z" finished-at="2018-06-26T11:20:57Z">
          <reporter-output>
            <line>
              <![CDATA[pass:Element is displayed]]>
            </line>
            <line>
              <![CDATA[pass:Element is displayed]]>
            </line>
          </reporter-output>
        </test-method> <!-- test5 -->
        <test-method status="PASS" signature="closeapp()[pri:0, instance:Script.Testcase5@6767c1fc]" name="closeapp" is-config="true" duration-ms="11414" started-at="2018-06-26T11:20:57Z" finished-at="2018-06-26T11:21:08Z">
          <reporter-output>
          </reporter-output>
        </test-method> <!-- closeapp -->
      </class> <!-- Script.Testcase5 -->
      <class name="Script.Testcase6">
        <test-method status="PASS" signature="openapp()[pri:0, instance:Script.Testcase6@29ee9faa]" name="openapp" is-config="true" duration-ms="18520" started-at="2018-06-26T11:22:49Z" finished-at="2018-06-26T11:23:08Z">
          <reporter-output>
          </reporter-output>
        </test-method> <!-- openapp -->
        <test-method status="PASS" signature="test6()[pri:0, instance:Script.Testcase6@29ee9faa]" name="test6" duration-ms="9725" started-at="2018-06-26T11:23:08Z" finished-at="2018-06-26T11:23:18Z">
          <reporter-output>
            <line>
              <![CDATA[pass:Element is displayed]]>
            </line>
            <line>
              <![CDATA[pass:Element is displayed]]>
            </line>
          </reporter-output>
        </test-method> <!-- test6 -->
        <test-method status="PASS" signature="closeapp()[pri:0, instance:Script.Testcase6@29ee9faa]" name="closeapp" is-config="true" duration-ms="9706" started-at="2018-06-26T11:23:18Z" finished-at="2018-06-26T11:23:27Z">
          <reporter-output>
          </reporter-output>
        </test-method> <!-- closeapp -->
      </class> <!-- Script.Testcase6 -->
      <class name="Script.Testcase7">
        <test-method status="PASS" signature="openapp()[pri:0, instance:Script.Testcase7@cc285f4]" name="openapp" is-config="true" duration-ms="18725" started-at="2018-06-26T11:26:57Z" finished-at="2018-06-26T11:27:16Z">
          <reporter-output>
          </reporter-output>
        </test-method> <!-- openapp -->
        <test-method status="PASS" signature="test7()[pri:0, instance:Script.Testcase7@cc285f4]" name="test7" duration-ms="8969" started-at="2018-06-26T11:27:16Z" finished-at="2018-06-26T11:27:25Z">
          <reporter-output>
            <line>
              <![CDATA[pass:Element is displayed]]>
            </line>
            <line>
              <![CDATA[pass:Element is displayed]]>
            </line>
          </reporter-output>
        </test-method> <!-- test7 -->
        <test-method status="PASS" signature="closeapp()[pri:0, instance:Script.Testcase7@cc285f4]" name="closeapp" is-config="true" duration-ms="9227" started-at="2018-06-26T11:27:25Z" finished-at="2018-06-26T11:27:34Z">
          <reporter-output>
          </reporter-output>
        </test-method> <!-- closeapp -->
      </class> <!-- Script.Testcase7 -->
      <class name="Script.AddScenario">
        <test-method status="PASS" signature="openapp()[pri:0, instance:Script.AddScenario@c038203]" name="openapp" is-config="true" duration-ms="71575" started-at="2018-06-26T11:24:03Z" finished-at="2018-06-26T11:25:15Z">
          <reporter-output>
          </reporter-output>
        </test-method> <!-- openapp -->
        <test-method status="FAIL" signature="add()[pri:0, instance:Script.AddScenario@c038203]" name="add" duration-ms="26156" started-at="2018-06-26T11:25:15Z" finished-at="2018-06-26T11:25:41Z">
          <exception class="org.openqa.selenium.NoSuchElementException">
            <message>
              <![CDATA[Unable to locate element: //span[.='Sign In']
For documentation on this error, please visit: http://seleniumhq.org/exceptions/no_such_element.html
Build info: version: '3.12.0', revision: '7c6e0b3', time: '2018-05-08T15:15:08.936Z'
System info: host: 'DELL', ip: '192.168.43.73', os.name: 'Windows 8.1', os.arch: 'amd64', os.version: '6.3', java.version: '1.8.0_131'
Driver info: org.openqa.selenium.firefox.FirefoxDriver
Capabilities {acceptInsecureCerts: true, browserName: firefox, browserVersion: 60.0.2, javascriptEnabled: true, moz:accessibilityChecks: false, moz:headless: false, moz:processID: 8800, moz:profile: C:\Users\Intel\AppData\Loca..., moz:useNonSpecCompliantPointerOrigin: false, moz:webdriverClick: true, pageLoadStrategy: normal, platform: XP, platformName: XP, platformVersion: 6.3, rotatable: false, timeouts: {implicit: 0, pageLoad: 300000, script: 30000}}
Session ID: 8101a7ba-940c-48c5-8f75-47f779514816
*** Element info: {Using=xpath, value=//span[.='Sign In']}]]>
            </message>
            <full-stacktrace>
              <![CDATA[org.openqa.selenium.NoSuchElementException: Unable to locate element: //span[.='Sign In']
For documentation on this error, please visit: http://seleniumhq.org/exceptions/no_such_element.html
Build info: version: '3.12.0', revision: '7c6e0b3', time: '2018-05-08T15:15:08.936Z'
System info: host: 'DELL', ip: '192.168.43.73', os.name: 'Windows 8.1', os.arch: 'amd64', os.version: '6.3', java.version: '1.8.0_131'
Driver info: org.openqa.selenium.firefox.FirefoxDriver
Capabilities {acceptInsecureCerts: true, browserName: firefox, browserVersion: 60.0.2, javascriptEnabled: true, moz:accessibilityChecks: false, moz:headless: false, moz:processID: 8800, moz:profile: C:\Users\Intel\AppData\Loca..., moz:useNonSpecCompliantPointerOrigin: false, moz:webdriverClick: true, pageLoadStrategy: normal, platform: XP, platformName: XP, platformVersion: 6.3, rotatable: false, timeouts: {implicit: 0, pageLoad: 300000, script: 30000}}
Session ID: 8101a7ba-940c-48c5-8f75-47f779514816
*** Element info: {Using=xpath, value=//span[.='Sign In']}
	at sun.reflect.NativeConstructorAccessorImpl.newInstance0(Native Method)
	at sun.reflect.NativeConstructorAccessorImpl.newInstance(Unknown Source)
	at sun.reflect.DelegatingConstructorAccessorImpl.newInstance(Unknown Source)
	at java.lang.reflect.Constructor.newInstance(Unknown Source)
	at org.openqa.selenium.remote.http.W3CHttpResponseCodec.createException(W3CHttpResponseCodec.java:187)
	at org.openqa.selenium.remote.http.W3CHttpResponseCodec.decode(W3CHttpResponseCodec.java:122)
	at org.openqa.selenium.remote.http.W3CHttpResponseCodec.decode(W3CHttpResponseCodec.java:49)
	at org.openqa.selenium.remote.HttpCommandExecutor.execute(HttpCommandExecutor.java:158)
	at org.openqa.selenium.remote.service.DriverCommandExecutor.execute(DriverCommandExecutor.java:83)
	at org.openqa.selenium.remote.RemoteWebDriver.execute(RemoteWebDriver.java:543)
	at org.openqa.selenium.remote.RemoteWebDriver.findElement(RemoteWebDriver.java:317)
	at org.openqa.selenium.remote.RemoteWebDriver.findElementByXPath(RemoteWebDriver.java:419)
	at org.openqa.selenium.By$ByXPath.findElement(By.java:353)
	at org.openqa.selenium.remote.RemoteWebDriver.findElement(RemoteWebDriver.java:309)
	at org.openqa.selenium.support.pagefactory.DefaultElementLocator.findElement(DefaultElementLocator.java:69)
	at org.openqa.selenium.support.pagefactory.internal.LocatingElementHandler.invoke(LocatingElementHandler.java:38)
	at com.sun.proxy.$Proxy9.click(Unknown Source)
	at PAGE.HomePage.signIn(HomePage.java:92)
	at Script.AddScenario.add(AddScenario.java:51)
	at sun.reflect.NativeMethodAccessorImpl.invoke0(Native Method)
	at sun.reflect.NativeMethodAccessorImpl.invoke(Unknown Source)
	at sun.reflect.DelegatingMethodAccessorImpl.invoke(Unknown Source)
	at java.lang.reflect.Method.invoke(Unknown Source)
	at org.testng.internal.MethodInvocationHelper.invokeMethod(MethodInvocationHelper.java:108)
	at org.testng.internal.Invoker.invokeMethod(Invoker.java:669)
	at org.testng.internal.Invoker.invokeTestMethod(Invoker.java:877)
	at org.testng.internal.Invoker.invokeTestMethods(Invoker.java:1201)
	at org.testng.internal.TestMethodWorker.invokeTestMethods(TestMethodWorker.java:125)
	at org.testng.internal.TestMethodWorker.run(TestMethodWorker.java:109)
	at org.testng.TestRunner.privateRun(TestRunner.java:776)
	at org.testng.TestRunner.run(TestRunner.java:634)
	at org.testng.SuiteRunner.runTest(SuiteRunner.java:425)
	at org.testng.SuiteRunner.runSequentially(SuiteRunner.java:420)
	at org.testng.SuiteRunner.privateRun(SuiteRunner.java:385)
	at org.testng.SuiteRunner.run(SuiteRunner.java:334)
	at org.testng.SuiteRunnerWorker.runSuite(SuiteRunnerWorker.java:52)
	at org.testng.SuiteRunnerWorker.run(SuiteRunnerWorker.java:86)
	at org.testng.TestNG.runSuitesSequentially(TestNG.java:1318)
	at org.testng.TestNG.runSuitesLocally(TestNG.java:1243)
	at org.testng.TestNG.runSuites(TestNG.java:1161)
	at org.testng.TestNG.run(TestNG.java:1129)
	at org.testng.remote.AbstractRemoteTestNG.run(AbstractRemoteTestNG.java:114)
	at org.testng.remote.RemoteTestNG.initAndRun(RemoteTestNG.java:251)
	at org.testng.remote.RemoteTestNG.main(RemoteTestNG.java:77)
]]>
            </full-stacktrace>
          </exception> <!-- org.openqa.selenium.NoSuchElementException -->
          <reporter-output>
            <line>
              <![CDATA[pass:Element is displayed]]>
            </line>
            <line>
              <![CDATA[pass:Element is displayed]]>
            </line>
          </reporter-output>
        </test-method> <!-- add -->
        <test-method status="PASS" signature="closeapp()[pri:0, instance:Script.AddScenario@c038203]" name="closeapp" is-config="true" duration-ms="8838" started-at="2018-06-26T11:25:41Z" finished-at="2018-06-26T11:25:50Z">
          <reporter-output>
          </reporter-output>
        </test-method> <!-- closeapp -->
      </class> <!-- Script.AddScenario -->
      <class name="Script.Testcase8">
        <test-method status="PASS" signature="openapp()[pri:0, instance:Script.Testcase8@55f3ddb1]" name="openapp" is-config="true" duration-ms="18221" started-at="2018-06-26T11:28:08Z" finished-at="2018-06-26T11:28:26Z">
          <reporter-output>
          </reporter-output>
        </test-method> <!-- openapp -->
        <test-method status="PASS" signature="test8()[pri:0, instance:Script.Testcase8@55f3ddb1]" name="test8" duration-ms="16594" started-at="2018-06-26T11:28:26Z" finished-at="2018-06-26T11:28:43Z">
          <reporter-output>
            <line>
              <![CDATA[pass:Element is displayed]]>
            </line>
            <line>
              <![CDATA[pass:Element is displayed]]>
            </line>
          </reporter-output>
        </test-method> <!-- test8 -->
        <test-method status="PASS" signature="closeapp()[pri:0, instance:Script.Testcase8@55f3ddb1]" name="closeapp" is-config="true" duration-ms="9241" started-at="2018-06-26T11:28:43Z" finished-at="2018-06-26T11:28:52Z">
          <reporter-output>
          </reporter-output>
        </test-method> <!-- closeapp -->
      </class> <!-- Script.Testcase8 -->
      <class name="Script.Testcase1">
        <test-method status="PASS" signature="openapp()[pri:0, instance:Script.Testcase1@8bd1b6a]" name="openapp" is-config="true" duration-ms="17041" started-at="2018-06-26T11:28:52Z" finished-at="2018-06-26T11:29:09Z">
          <reporter-output>
          </reporter-output>
        </test-method> <!-- openapp -->
        <test-method status="PASS" signature="test1()[pri:0, instance:Script.Testcase1@8bd1b6a]" name="test1" duration-ms="9250" started-at="2018-06-26T11:29:09Z" finished-at="2018-06-26T11:29:18Z">
          <reporter-output>
            <line>
              <![CDATA[pass:Element is displayed]]>
            </line>
            <line>
              <![CDATA[pass:Element is displayed]]>
            </line>
          </reporter-output>
        </test-method> <!-- test1 -->
        <test-method status="PASS" signature="closeapp()[pri:0, instance:Script.Testcase1@8bd1b6a]" name="closeapp" is-config="true" duration-ms="11278" started-at="2018-06-26T11:29:18Z" finished-at="2018-06-26T11:29:29Z">
          <reporter-output>
          </reporter-output>
        </test-method> <!-- closeapp -->
      </class> <!-- Script.Testcase1 -->
      <class name="Script.Testcase2">
        <test-method status="PASS" signature="openapp()[pri:0, instance:Script.Testcase2@18be83e4]" name="openapp" is-config="true" duration-ms="17574" started-at="2018-06-26T11:29:29Z" finished-at="2018-06-26T11:29:47Z">
          <reporter-output>
          </reporter-output>
        </test-method> <!-- openapp -->
        <test-method status="PASS" signature="test2()[pri:0, instance:Script.Testcase2@18be83e4]" name="test2" duration-ms="18227" started-at="2018-06-26T11:29:47Z" finished-at="2018-06-26T11:30:05Z">
          <reporter-output>
            <line>
              <![CDATA[pass:Element is displayed]]>
            </line>
            <line>
              <![CDATA[pass:Element is displayed]]>
            </line>
            <line>
              <![CDATA[pass:Element is displayed]]>
            </line>
            <line>
              <![CDATA[pass:Element is displayed]]>
            </line>
            <line>
              <![CDATA[pass:Element is displayed]]>
            </line>
          </reporter-output>
        </test-method> <!-- test2 -->
        <test-method status="PASS" signature="closeapp()[pri:0, instance:Script.Testcase2@18be83e4]" name="closeapp" is-config="true" duration-ms="8821" started-at="2018-06-26T11:30:05Z" finished-at="2018-06-26T11:30:14Z">
          <reporter-output>
          </reporter-output>
        </test-method> <!-- closeapp -->
      </class> <!-- Script.Testcase2 -->
      <class name="Script.Testcase3">
        <test-method status="PASS" signature="openapp()[pri:0, instance:Script.Testcase3@cb5822]" name="openapp" is-config="true" duration-ms="18839" started-at="2018-06-26T11:30:14Z" finished-at="2018-06-26T11:30:33Z">
          <reporter-output>
          </reporter-output>
        </test-method> <!-- openapp -->
        <test-method status="PASS" signature="test2()[pri:0, instance:Script.Testcase3@cb5822]" name="test2" duration-ms="15517" started-at="2018-06-26T11:30:33Z" finished-at="2018-06-26T11:30:48Z">
          <reporter-output>
            <line>
              <![CDATA[pass:Element is displayed]]>
            </line>
            <line>
              <![CDATA[pass:Element is displayed]]>
            </line>
          </reporter-output>
        </test-method> <!-- test2 -->
        <test-method status="PASS" signature="closeapp()[pri:0, instance:Script.Testcase3@cb5822]" name="closeapp" is-config="true" duration-ms="9907" started-at="2018-06-26T11:30:48Z" finished-at="2018-06-26T11:30:58Z">
          <reporter-output>
          </reporter-output>
        </test-method> <!-- closeapp -->
      </class> <!-- Script.Testcase3 -->
      <class name="Script.ApplyCouponScript">
        <test-method status="PASS" signature="openapp()[pri:0, instance:Script.ApplyCouponScript@2b98378d]" name="openapp" is-config="true" duration-ms="21675" started-at="2018-06-26T11:22:09Z" finished-at="2018-06-26T11:22:30Z">
          <reporter-output>
          </reporter-output>
        </test-method> <!-- openapp -->
        <test-method status="PASS" signature="coupon()[pri:0, instance:Script.ApplyCouponScript@2b98378d]" name="coupon" duration-ms="9456" started-at="2018-06-26T11:22:30Z" finished-at="2018-06-26T11:22:40Z">
          <reporter-output>
            <line>
              <![CDATA[pass:Element is displayed]]>
            </line>
            <line>
              <![CDATA[pass:Element is displayed]]>
            </line>
          </reporter-output>
        </test-method> <!-- coupon -->
        <test-method status="PASS" signature="closeapp()[pri:0, instance:Script.ApplyCouponScript@2b98378d]" name="closeapp" is-config="true" duration-ms="9450" started-at="2018-06-26T11:22:40Z" finished-at="2018-06-26T11:22:49Z">
          <reporter-output>
          </reporter-output>
        </test-method> <!-- closeapp -->
      </class> <!-- Script.ApplyCouponScript -->
      <class name="Script.LocationTrackingScript">
        <test-method status="PASS" signature="openapp()[pri:0, instance:Script.LocationTrackingScript@475530b9]" name="openapp" is-config="true" duration-ms="19189" started-at="2018-06-26T11:23:27Z" finished-at="2018-06-26T11:23:47Z">
          <reporter-output>
          </reporter-output>
        </test-method> <!-- openapp -->
        <test-method status="FAIL" signature="script2()[pri:0, instance:Script.LocationTrackingScript@475530b9]" name="script2" duration-ms="7273" started-at="2018-06-26T11:23:47Z" finished-at="2018-06-26T11:23:54Z">
          <exception class="org.openqa.selenium.ElementClickInterceptedException">
            <message>
              <![CDATA[Element <span> is not clickable at point (1132.8333206176758,40) because another element <div class="_3pYe-"> obscures it
Build info: version: '3.12.0', revision: '7c6e0b3', time: '2018-05-08T15:15:08.936Z'
System info: host: 'DELL', ip: '192.168.43.73', os.name: 'Windows 8.1', os.arch: 'amd64', os.version: '6.3', java.version: '1.8.0_131'
Driver info: org.openqa.selenium.firefox.FirefoxDriver
Capabilities {acceptInsecureCerts: true, browserName: firefox, browserVersion: 60.0.2, javascriptEnabled: true, moz:accessibilityChecks: false, moz:headless: false, moz:processID: 11112, moz:profile: C:\Users\Intel\AppData\Loca..., moz:useNonSpecCompliantPointerOrigin: false, moz:webdriverClick: true, pageLoadStrategy: normal, platform: XP, platformName: XP, platformVersion: 6.3, rotatable: false, timeouts: {implicit: 0, pageLoad: 300000, script: 30000}}
Session ID: d1a77f6d-7680-4d90-bcf7-bd32764008ba]]>
            </message>
            <full-stacktrace>
              <![CDATA[org.openqa.selenium.ElementClickInterceptedException: Element <span> is not clickable at point (1132.8333206176758,40) because another element <div class="_3pYe-"> obscures it
Build info: version: '3.12.0', revision: '7c6e0b3', time: '2018-05-08T15:15:08.936Z'
System info: host: 'DELL', ip: '192.168.43.73', os.name: 'Windows 8.1', os.arch: 'amd64', os.version: '6.3', java.version: '1.8.0_131'
Driver info: org.openqa.selenium.firefox.FirefoxDriver
Capabilities {acceptInsecureCerts: true, browserName: firefox, browserVersion: 60.0.2, javascriptEnabled: true, moz:accessibilityChecks: false, moz:headless: false, moz:processID: 11112, moz:profile: C:\Users\Intel\AppData\Loca..., moz:useNonSpecCompliantPointerOrigin: false, moz:webdriverClick: true, pageLoadStrategy: normal, platform: XP, platformName: XP, platformVersion: 6.3, rotatable: false, timeouts: {implicit: 0, pageLoad: 300000, script: 30000}}
Session ID: d1a77f6d-7680-4d90-bcf7-bd32764008ba
	at sun.reflect.NativeConstructorAccessorImpl.newInstance0(Native Method)
	at sun.reflect.NativeConstructorAccessorImpl.newInstance(Unknown Source)
	at sun.reflect.DelegatingConstructorAccessorImpl.newInstance(Unknown Source)
	at java.lang.reflect.Constructor.newInstance(Unknown Source)
	at org.openqa.selenium.remote.http.W3CHttpResponseCodec.createException(W3CHttpResponseCodec.java:187)
	at org.openqa.selenium.remote.http.W3CHttpResponseCodec.decode(W3CHttpResponseCodec.java:122)
	at org.openqa.selenium.remote.http.W3CHttpResponseCodec.decode(W3CHttpResponseCodec.java:49)
	at org.openqa.selenium.remote.HttpCommandExecutor.execute(HttpCommandExecutor.java:158)
	at org.openqa.selenium.remote.service.DriverCommandExecutor.execute(DriverCommandExecutor.java:83)
	at org.openqa.selenium.remote.RemoteWebDriver.execute(RemoteWebDriver.java:543)
	at org.openqa.selenium.remote.RemoteWebElement.execute(RemoteWebElement.java:276)
	at org.openqa.selenium.remote.RemoteWebElement.click(RemoteWebElement.java:83)
	at sun.reflect.GeneratedMethodAccessor1.invoke(Unknown Source)
	at sun.reflect.DelegatingMethodAccessorImpl.invoke(Unknown Source)
	at java.lang.reflect.Method.invoke(Unknown Source)
	at org.openqa.selenium.support.pagefactory.internal.LocatingElementHandler.invoke(LocatingElementHandler.java:51)
	at com.sun.proxy.$Proxy9.click(Unknown Source)
	at PAGE.HomePage.signIn(HomePage.java:92)
	at Script.LocationTrackingScript.script2(LocationTrackingScript.java:39)
	at sun.reflect.NativeMethodAccessorImpl.invoke0(Native Method)
	at sun.reflect.NativeMethodAccessorImpl.invoke(Unknown Source)
	at sun.reflect.DelegatingMethodAccessorImpl.invoke(Unknown Source)
	at java.lang.reflect.Method.invoke(Unknown Source)
	at org.testng.internal.MethodInvocationHelper.invokeMethod(MethodInvocationHelper.java:108)
	at org.testng.internal.Invoker.invokeMethod(Invoker.java:669)
	at org.testng.internal.Invoker.invokeTestMethod(Invoker.java:877)
	at org.testng.internal.Invoker.invokeTestMethods(Invoker.java:1201)
	at org.testng.internal.TestMethodWorker.invokeTestMethods(TestMethodWorker.java:125)
	at org.testng.internal.TestMethodWorker.run(TestMethodWorker.java:109)
	at org.testng.TestRunner.privateRun(TestRunner.java:776)
	at org.testng.TestRunner.run(TestRunner.java:634)
	at org.testng.SuiteRunner.runTest(SuiteRunner.java:425)
	at org.testng.SuiteRunner.runSequentially(SuiteRunner.java:420)
	at org.testng.SuiteRunner.privateRun(SuiteRunner.java:385)
	at org.testng.SuiteRunner.run(SuiteRunner.java:334)
	at org.testng.SuiteRunnerWorker.runSuite(SuiteRunnerWorker.java:52)
	at org.testng.SuiteRunnerWorker.run(SuiteRunnerWorker.java:86)
	at org.testng.TestNG.runSuitesSequentially(TestNG.java:1318)
	at org.testng.TestNG.runSuitesLocally(TestNG.java:1243)
	at org.testng.TestNG.runSuites(TestNG.java:1161)
	at org.testng.TestNG.run(TestNG.java:1129)
	at org.testng.remote.AbstractRemoteTestNG.run(AbstractRemoteTestNG.java:114)
	at org.testng.remote.RemoteTestNG.initAndRun(RemoteTestNG.java:251)
	at org.testng.remote.RemoteTestNG.main(RemoteTestNG.java:77)
]]>
            </full-stacktrace>
          </exception> <!-- org.openqa.selenium.ElementClickInterceptedException -->
          <reporter-output>
            <line>
              <![CDATA[pass:Element is displayed]]>
            </line>
            <line>
              <![CDATA[pass:Element is displayed]]>
            </line>
          </reporter-output>
        </test-method> <!-- script2 -->
        <test-method status="PASS" signature="closeapp()[pri:0, instance:Script.LocationTrackingScript@475530b9]" name="closeapp" is-config="true" duration-ms="9513" started-at="2018-06-26T11:23:54Z" finished-at="2018-06-26T11:24:03Z">
          <reporter-output>
          </reporter-output>
        </test-method> <!-- closeapp -->
      </class> <!-- Script.LocationTrackingScript -->
      <class name="Script.SearchTbScript">
        <test-method status="PASS" signature="openapp()[pri:0, instance:Script.SearchTbScript@1d057a39]" name="openapp" is-config="true" duration-ms="25519" started-at="2018-06-26T11:25:50Z" finished-at="2018-06-26T11:26:15Z">
          <reporter-output>
          </reporter-output>
        </test-method> <!-- openapp -->
        <test-method status="FAIL" signature="search()[pri:0, instance:Script.SearchTbScript@1d057a39]" name="search" duration-ms="33142" started-at="2018-06-26T11:26:15Z" finished-at="2018-06-26T11:26:49Z">
          <exception class="org.openqa.selenium.NoSuchElementException">
            <message>
              <![CDATA[Unable to locate element: //span[.='Logout']
For documentation on this error, please visit: http://seleniumhq.org/exceptions/no_such_element.html
Build info: version: '3.12.0', revision: '7c6e0b3', time: '2018-05-08T15:15:08.936Z'
System info: host: 'DELL', ip: '192.168.43.73', os.name: 'Windows 8.1', os.arch: 'amd64', os.version: '6.3', java.version: '1.8.0_131'
Driver info: org.openqa.selenium.firefox.FirefoxDriver
Capabilities {acceptInsecureCerts: true, browserName: firefox, browserVersion: 60.0.2, javascriptEnabled: true, moz:accessibilityChecks: false, moz:headless: false, moz:processID: 10012, moz:profile: C:\Users\Intel\AppData\Loca..., moz:useNonSpecCompliantPointerOrigin: false, moz:webdriverClick: true, pageLoadStrategy: normal, platform: XP, platformName: XP, platformVersion: 6.3, rotatable: false, timeouts: {implicit: 0, pageLoad: 300000, script: 30000}}
Session ID: 3fd1e0fc-4fd0-46a1-b5f5-dcd7cfa774ad
*** Element info: {Using=xpath, value=//span[.='Logout']}]]>
            </message>
            <full-stacktrace>
              <![CDATA[org.openqa.selenium.NoSuchElementException: Unable to locate element: //span[.='Logout']
For documentation on this error, please visit: http://seleniumhq.org/exceptions/no_such_element.html
Build info: version: '3.12.0', revision: '7c6e0b3', time: '2018-05-08T15:15:08.936Z'
System info: host: 'DELL', ip: '192.168.43.73', os.name: 'Windows 8.1', os.arch: 'amd64', os.version: '6.3', java.version: '1.8.0_131'
Driver info: org.openqa.selenium.firefox.FirefoxDriver
Capabilities {acceptInsecureCerts: true, browserName: firefox, browserVersion: 60.0.2, javascriptEnabled: true, moz:accessibilityChecks: false, moz:headless: false, moz:processID: 10012, moz:profile: C:\Users\Intel\AppData\Loca..., moz:useNonSpecCompliantPointerOrigin: false, moz:webdriverClick: true, pageLoadStrategy: normal, platform: XP, platformName: XP, platformVersion: 6.3, rotatable: false, timeouts: {implicit: 0, pageLoad: 300000, script: 30000}}
Session ID: 3fd1e0fc-4fd0-46a1-b5f5-dcd7cfa774ad
*** Element info: {Using=xpath, value=//span[.='Logout']}
	at sun.reflect.NativeConstructorAccessorImpl.newInstance0(Native Method)
	at sun.reflect.NativeConstructorAccessorImpl.newInstance(Unknown Source)
	at sun.reflect.DelegatingConstructorAccessorImpl.newInstance(Unknown Source)
	at java.lang.reflect.Constructor.newInstance(Unknown Source)
	at org.openqa.selenium.remote.http.W3CHttpResponseCodec.createException(W3CHttpResponseCodec.java:187)
	at org.openqa.selenium.remote.http.W3CHttpResponseCodec.decode(W3CHttpResponseCodec.java:122)
	at org.openqa.selenium.remote.http.W3CHttpResponseCodec.decode(W3CHttpResponseCodec.java:49)
	at org.openqa.selenium.remote.HttpCommandExecutor.execute(HttpCommandExecutor.java:158)
	at org.openqa.selenium.remote.service.DriverCommandExecutor.execute(DriverCommandExecutor.java:83)
	at org.openqa.selenium.remote.RemoteWebDriver.execute(RemoteWebDriver.java:543)
	at org.openqa.selenium.remote.RemoteWebDriver.findElement(RemoteWebDriver.java:317)
	at org.openqa.selenium.remote.RemoteWebDriver.findElementByXPath(RemoteWebDriver.java:419)
	at org.openqa.selenium.By$ByXPath.findElement(By.java:353)
	at org.openqa.selenium.remote.RemoteWebDriver.findElement(RemoteWebDriver.java:309)
	at org.openqa.selenium.support.pagefactory.DefaultElementLocator.findElement(DefaultElementLocator.java:69)
	at org.openqa.selenium.support.pagefactory.internal.LocatingElementHandler.invoke(LocatingElementHandler.java:38)
	at com.sun.proxy.$Proxy9.click(Unknown Source)
	at PAGE.HomePage.logOut(HomePage.java:168)
	at Script.SearchTbScript.search(SearchTbScript.java:48)
	at sun.reflect.NativeMethodAccessorImpl.invoke0(Native Method)
	at sun.reflect.NativeMethodAccessorImpl.invoke(Unknown Source)
	at sun.reflect.DelegatingMethodAccessorImpl.invoke(Unknown Source)
	at java.lang.reflect.Method.invoke(Unknown Source)
	at org.testng.internal.MethodInvocationHelper.invokeMethod(MethodInvocationHelper.java:108)
	at org.testng.internal.Invoker.invokeMethod(Invoker.java:669)
	at org.testng.internal.Invoker.invokeTestMethod(Invoker.java:877)
	at org.testng.internal.Invoker.invokeTestMethods(Invoker.java:1201)
	at org.testng.internal.TestMethodWorker.invokeTestMethods(TestMethodWorker.java:125)
	at org.testng.internal.TestMethodWorker.run(TestMethodWorker.java:109)
	at org.testng.TestRunner.privateRun(TestRunner.java:776)
	at org.testng.TestRunner.run(TestRunner.java:634)
	at org.testng.SuiteRunner.runTest(SuiteRunner.java:425)
	at org.testng.SuiteRunner.runSequentially(SuiteRunner.java:420)
	at org.testng.SuiteRunner.privateRun(SuiteRunner.java:385)
	at org.testng.SuiteRunner.run(SuiteRunner.java:334)
	at org.testng.SuiteRunnerWorker.runSuite(SuiteRunnerWorker.java:52)
	at org.testng.SuiteRunnerWorker.run(SuiteRunnerWorker.java:86)
	at org.testng.TestNG.runSuitesSequentially(TestNG.java:1318)
	at org.testng.TestNG.runSuitesLocally(TestNG.java:1243)
	at org.testng.TestNG.runSuites(TestNG.java:1161)
	at org.testng.TestNG.run(TestNG.java:1129)
	at org.testng.remote.AbstractRemoteTestNG.run(AbstractRemoteTestNG.java:114)
	at org.testng.remote.RemoteTestNG.initAndRun(RemoteTestNG.java:251)
	at org.testng.remote.RemoteTestNG.main(RemoteTestNG.java:77)
]]>
            </full-stacktrace>
          </exception> <!-- org.openqa.selenium.NoSuchElementException -->
          <reporter-output>
            <line>
              <![CDATA[pass:Element is displayed]]>
            </line>
          </reporter-output>
        </test-method> <!-- search -->
        <test-method status="PASS" signature="closeapp()[pri:0, instance:Script.SearchTbScript@1d057a39]" name="closeapp" is-config="true" duration-ms="8856" started-at="2018-06-26T11:26:49Z" finished-at="2018-06-26T11:26:57Z">
          <reporter-output>
          </reporter-output>
        </test-method> <!-- closeapp -->
      </class> <!-- Script.SearchTbScript -->
      <class name="Script.SelectCheckBox">
        <test-method status="PASS" signature="openapp()[pri:0, instance:Script.SelectCheckBox@26be92ad]" name="openapp" is-config="true" duration-ms="17598" started-at="2018-06-26T11:27:34Z" finished-at="2018-06-26T11:27:52Z">
          <reporter-output>
          </reporter-output>
        </test-method> <!-- openapp -->
        <test-method status="FAIL" signature="search()[pri:0, instance:Script.SelectCheckBox@26be92ad]" name="search" duration-ms="6356" started-at="2018-06-26T11:27:52Z" finished-at="2018-06-26T11:27:58Z">
          <exception class="org.openqa.selenium.ElementClickInterceptedException">
            <message>
              <![CDATA[Element <span> is not clickable at point (1132.8333206176758,40) because another element <div class="_3pYe-"> obscures it
Build info: version: '3.12.0', revision: '7c6e0b3', time: '2018-05-08T15:15:08.936Z'
System info: host: 'DELL', ip: '192.168.43.73', os.name: 'Windows 8.1', os.arch: 'amd64', os.version: '6.3', java.version: '1.8.0_131'
Driver info: org.openqa.selenium.firefox.FirefoxDriver
Capabilities {acceptInsecureCerts: true, browserName: firefox, browserVersion: 60.0.2, javascriptEnabled: true, moz:accessibilityChecks: false, moz:headless: false, moz:processID: 1756, moz:profile: C:\Users\Intel\AppData\Loca..., moz:useNonSpecCompliantPointerOrigin: false, moz:webdriverClick: true, pageLoadStrategy: normal, platform: XP, platformName: XP, platformVersion: 6.3, rotatable: false, timeouts: {implicit: 0, pageLoad: 300000, script: 30000}}
Session ID: 739accb6-276a-4b6f-915a-47afab33c0d2]]>
            </message>
            <full-stacktrace>
              <![CDATA[org.openqa.selenium.ElementClickInterceptedException: Element <span> is not clickable at point (1132.8333206176758,40) because another element <div class="_3pYe-"> obscures it
Build info: version: '3.12.0', revision: '7c6e0b3', time: '2018-05-08T15:15:08.936Z'
System info: host: 'DELL', ip: '192.168.43.73', os.name: 'Windows 8.1', os.arch: 'amd64', os.version: '6.3', java.version: '1.8.0_131'
Driver info: org.openqa.selenium.firefox.FirefoxDriver
Capabilities {acceptInsecureCerts: true, browserName: firefox, browserVersion: 60.0.2, javascriptEnabled: true, moz:accessibilityChecks: false, moz:headless: false, moz:processID: 1756, moz:profile: C:\Users\Intel\AppData\Loca..., moz:useNonSpecCompliantPointerOrigin: false, moz:webdriverClick: true, pageLoadStrategy: normal, platform: XP, platformName: XP, platformVersion: 6.3, rotatable: false, timeouts: {implicit: 0, pageLoad: 300000, script: 30000}}
Session ID: 739accb6-276a-4b6f-915a-47afab33c0d2
	at sun.reflect.NativeConstructorAccessorImpl.newInstance0(Native Method)
	at sun.reflect.NativeConstructorAccessorImpl.newInstance(Unknown Source)
	at sun.reflect.DelegatingConstructorAccessorImpl.newInstance(Unknown Source)
	at java.lang.reflect.Constructor.newInstance(Unknown Source)
	at org.openqa.selenium.remote.http.W3CHttpResponseCodec.createException(W3CHttpResponseCodec.java:187)
	at org.openqa.selenium.remote.http.W3CHttpResponseCodec.decode(W3CHttpResponseCodec.java:122)
	at org.openqa.selenium.remote.http.W3CHttpResponseCodec.decode(W3CHttpResponseCodec.java:49)
	at org.openqa.selenium.remote.HttpCommandExecutor.execute(HttpCommandExecutor.java:158)
	at org.openqa.selenium.remote.service.DriverCommandExecutor.execute(DriverCommandExecutor.java:83)
	at org.openqa.selenium.remote.RemoteWebDriver.execute(RemoteWebDriver.java:543)
	at org.openqa.selenium.remote.RemoteWebElement.execute(RemoteWebElement.java:276)
	at org.openqa.selenium.remote.RemoteWebElement.click(RemoteWebElement.java:83)
	at sun.reflect.GeneratedMethodAccessor1.invoke(Unknown Source)
	at sun.reflect.DelegatingMethodAccessorImpl.invoke(Unknown Source)
	at java.lang.reflect.Method.invoke(Unknown Source)
	at org.openqa.selenium.support.pagefactory.internal.LocatingElementHandler.invoke(LocatingElementHandler.java:51)
	at com.sun.proxy.$Proxy9.click(Unknown Source)
	at PAGE.HomePage.signIn(HomePage.java:92)
	at Script.SelectCheckBox.search(SelectCheckBox.java:41)
	at sun.reflect.NativeMethodAccessorImpl.invoke0(Native Method)
	at sun.reflect.NativeMethodAccessorImpl.invoke(Unknown Source)
	at sun.reflect.DelegatingMethodAccessorImpl.invoke(Unknown Source)
	at java.lang.reflect.Method.invoke(Unknown Source)
	at org.testng.internal.MethodInvocationHelper.invokeMethod(MethodInvocationHelper.java:108)
	at org.testng.internal.Invoker.invokeMethod(Invoker.java:669)
	at org.testng.internal.Invoker.invokeTestMethod(Invoker.java:877)
	at org.testng.internal.Invoker.invokeTestMethods(Invoker.java:1201)
	at org.testng.internal.TestMethodWorker.invokeTestMethods(TestMethodWorker.java:125)
	at org.testng.internal.TestMethodWorker.run(TestMethodWorker.java:109)
	at org.testng.TestRunner.privateRun(TestRunner.java:776)
	at org.testng.TestRunner.run(TestRunner.java:634)
	at org.testng.SuiteRunner.runTest(SuiteRunner.java:425)
	at org.testng.SuiteRunner.runSequentially(SuiteRunner.java:420)
	at org.testng.SuiteRunner.privateRun(SuiteRunner.java:385)
	at org.testng.SuiteRunner.run(SuiteRunner.java:334)
	at org.testng.SuiteRunnerWorker.runSuite(SuiteRunnerWorker.java:52)
	at org.testng.SuiteRunnerWorker.run(SuiteRunnerWorker.java:86)
	at org.testng.TestNG.runSuitesSequentially(TestNG.java:1318)
	at org.testng.TestNG.runSuitesLocally(TestNG.java:1243)
	at org.testng.TestNG.runSuites(TestNG.java:1161)
	at org.testng.TestNG.run(TestNG.java:1129)
	at org.testng.remote.AbstractRemoteTestNG.run(AbstractRemoteTestNG.java:114)
	at org.testng.remote.RemoteTestNG.initAndRun(RemoteTestNG.java:251)
	at org.testng.remote.RemoteTestNG.main(RemoteTestNG.java:77)
]]>
            </full-stacktrace>
          </exception> <!-- org.openqa.selenium.ElementClickInterceptedException -->
          <reporter-output>
            <line>
              <![CDATA[pass:Element is displayed]]>
            </line>
            <line>
              <![CDATA[pass:Element is displayed]]>
            </line>
          </reporter-output>
        </test-method> <!-- search -->
        <test-method status="PASS" signature="closeapp()[pri:0, instance:Script.SelectCheckBox@26be92ad]" name="closeapp" is-config="true" duration-ms="9490" started-at="2018-06-26T11:27:58Z" finished-at="2018-06-26T11:28:08Z">
          <reporter-output>
          </reporter-output>
        </test-method> <!-- closeapp -->
      </class> <!-- Script.SelectCheckBox -->
    </test> <!-- Default test -->
  </suite> <!-- Default suite -->
</testng-results>
